{
  "stats": {
    "suites": 1,
    "tests": 3,
    "passes": 3,
    "pending": 0,
    "failures": 0,
    "start": "2021-12-12T07:38:41.046Z",
    "end": "2021-12-12T07:38:47.711Z",
    "duration": 6665,
    "testsRegistered": 3,
    "passPercent": 100,
    "pendingPercent": 0,
    "other": 0,
    "hasOther": false,
    "skipped": 0,
    "hasSkipped": false
  },
  "results": [
    {
      "uuid": "59fefd1e-3226-46d1-b7ca-342bfb876d5f",
      "title": "",
      "fullFile": "cypress/integration/QAChallenge/TS_006 marvel-character-api.spec.js",
      "file": "cypress/integration/QAChallenge/TS_006 marvel-character-api.spec.js",
      "beforeHooks": [],
      "afterHooks": [],
      "tests": [],
      "suites": [
        {
          "uuid": "b6cccf28-53db-41b2-912d-16779182984b",
          "title": "Marvel Character test cases",
          "fullFile": "",
          "file": "",
          "beforeHooks": [],
          "afterHooks": [],
          "tests": [
            {
              "title": "Fetch Spider-Man Comics",
              "fullTitle": "Marvel Character test cases Fetch Spider-Man Comics",
              "timedOut": null,
              "duration": 2520,
              "state": "passed",
              "speed": "fast",
              "pass": true,
              "fail": false,
              "pending": false,
              "context": null,
              "code": "cy.request(`${API.url}/v1/public/characters/${this.id}/comics?ts=${API.timestamp}&apikey=${API.publicKey}&hash=${API.hash}&limit=${API.limit}`).then(response => {\n  expect(response.body).not.to.be.null;\n  expect(response).to.have.property('duration');\n  expect(response.body.data).to.have.property('count');\n}).its('headers').its('content-type').should('include', 'application/json');",
              "err": {},
              "uuid": "8e52ef95-d5da-4797-ab3f-e69c2402883b",
              "parentUUID": "b6cccf28-53db-41b2-912d-16779182984b",
              "isHook": false,
              "skipped": false
            },
            {
              "title": "Attempting to fetch more than 100 Spider-Man Comics",
              "fullTitle": "Marvel Character test cases Attempting to fetch more than 100 Spider-Man Comics",
              "timedOut": null,
              "duration": 1453,
              "state": "passed",
              "speed": "fast",
              "pass": true,
              "fail": false,
              "pending": false,
              "context": null,
              "code": "cy.request({\n  method: 'GET',\n  url: `${API.url}/v1/public/characters/${this.id}/comics?ts=${API.timestamp}&apikey=${API.publicKey}&hash=${API.hash}&limit=${API.limit + 1}`,\n  failOnStatusCode: false\n}).then(response => {\n  expect(response.body).to.have.property('code', 409);\n  expect(response.body).to.have.property('status', 'You may not request more than 100 items.');\n});",
              "err": {},
              "uuid": "aac90087-96cd-45ec-a297-8c79dd8d4034",
              "parentUUID": "b6cccf28-53db-41b2-912d-16779182984b",
              "isHook": false,
              "skipped": false
            },
            {
              "title": "Missing hash, unable to authenticate",
              "fullTitle": "Marvel Character test cases Missing hash, unable to authenticate",
              "timedOut": null,
              "duration": 2656,
              "state": "passed",
              "speed": "fast",
              "pass": true,
              "fail": false,
              "pending": false,
              "context": null,
              "code": "cy.request({\n  method: 'GET',\n  url: `${API.url}/v1/public/characters/${this.id}/comics?ts=${API.timestamp}&apikey=${API.publicKey}&limit=${API.limit + 1}`,\n  failOnStatusCode: false\n}).then(response => {\n  expect(response.body).to.have.property('code', 'MissingParameter');\n  expect(response.body).to.have.property('message', 'You must provide a hash.');\n});",
              "err": {},
              "uuid": "a4e927c3-894e-49c9-b873-9f47cad0a188",
              "parentUUID": "b6cccf28-53db-41b2-912d-16779182984b",
              "isHook": false,
              "skipped": false
            }
          ],
          "suites": [],
          "passes": [
            "8e52ef95-d5da-4797-ab3f-e69c2402883b",
            "aac90087-96cd-45ec-a297-8c79dd8d4034",
            "a4e927c3-894e-49c9-b873-9f47cad0a188"
          ],
          "failures": [],
          "pending": [],
          "skipped": [],
          "duration": 6629,
          "root": false,
          "rootEmpty": false,
          "_timeout": 2000
        }
      ],
      "passes": [],
      "failures": [],
      "pending": [],
      "skipped": [],
      "duration": 0,
      "root": true,
      "rootEmpty": true,
      "_timeout": 2000
    }
  ],
  "meta": {
    "mocha": {
      "version": "7.0.1"
    },
    "mochawesome": {
      "options": {
        "quiet": true,
        "reportFilename": "report",
        "saveHtml": false,
        "saveJson": true,
        "consoleReporter": "spec",
        "useInlineDiffs": false,
        "code": true
      },
      "version": "7.0.1"
    },
    "marge": {
      "options": {
        "id": "default",
        "charts": true,
        "reportDir": "cypress/reports/mocha",
        "reportTitle": "Senior QA Challenge: Raffy Rodriguez's Test's results",
        "reportFilename": "report",
        "quiet": true,
        "overwrite": false,
        "html": false,
        "json": true,
        "timestamp": "mm/dd/yyyy HH:MM"
      },
      "version": "6.0.1"
    }
  }
}