{
  "stats": {
    "suites": 1,
    "tests": 2,
    "passes": 2,
    "pending": 0,
    "failures": 0,
    "start": "2021-12-11T04:40:28.336Z",
    "end": "2021-12-11T04:41:22.840Z",
    "duration": 54504,
    "testsRegistered": 2,
    "passPercent": 100,
    "pendingPercent": 0,
    "other": 0,
    "hasOther": false,
    "skipped": 0,
    "hasSkipped": false
  },
  "results": [
    {
      "uuid": "477d4d24-27ee-4d3c-a1f2-7bb962d5fdc2",
      "title": "",
      "fullFile": "cypress/integration/QAChallenge/TS_001 Login and Logout.spec.js",
      "file": "cypress/integration/QAChallenge/TS_001 Login and Logout.spec.js",
      "beforeHooks": [],
      "afterHooks": [],
      "tests": [],
      "suites": [
        {
          "uuid": "cc940860-8552-4dd0-a130-b881fea44cc7",
          "title": "Login and Logout",
          "fullFile": "",
          "file": "",
          "beforeHooks": [],
          "afterHooks": [],
          "tests": [
            {
              "title": "login case",
              "fullTitle": "Login and Logout login case",
              "timedOut": null,
              "duration": 39969,
              "state": "passed",
              "speed": "slow",
              "pass": true,
              "fail": false,
              "pending": false,
              "context": null,
              "code": "cy.login();\ncy.url().should('eq', 'http://automationpractice.com/index.php?controller=my-account');",
              "err": {},
              "uuid": "778e46ce-8046-4e1d-9cc7-9b1d47d26e98",
              "parentUUID": "cc940860-8552-4dd0-a130-b881fea44cc7",
              "isHook": false,
              "skipped": false
            },
            {
              "title": "logOut",
              "fullTitle": "Login and Logout logOut",
              "timedOut": null,
              "duration": 14494,
              "state": "passed",
              "speed": "slow",
              "pass": true,
              "fail": false,
              "pending": false,
              "context": null,
              "code": "cy.signOut();\nSIGN.authObject().should('be.visible');",
              "err": {},
              "uuid": "2a6bf024-57fa-481f-8471-e29fd2a2d310",
              "parentUUID": "cc940860-8552-4dd0-a130-b881fea44cc7",
              "isHook": false,
              "skipped": false
            }
          ],
          "suites": [],
          "passes": [
            "778e46ce-8046-4e1d-9cc7-9b1d47d26e98",
            "2a6bf024-57fa-481f-8471-e29fd2a2d310"
          ],
          "failures": [],
          "pending": [],
          "skipped": [],
          "duration": 54463,
          "root": false,
          "rootEmpty": false,
          "_timeout": 2000
        }
      ],
      "passes": [],
      "failures": [],
      "pending": [],
      "skipped": [],
      "duration": 0,
      "root": true,
      "rootEmpty": true,
      "_timeout": 2000
    }
  ],
  "meta": {
    "mocha": {
      "version": "7.0.1"
    },
    "mochawesome": {
      "options": {
        "quiet": true,
        "reportFilename": "report",
        "saveHtml": false,
        "saveJson": true,
        "consoleReporter": "spec",
        "useInlineDiffs": false,
        "code": true
      },
      "version": "7.0.1"
    },
    "marge": {
      "options": {
        "id": "default",
        "charts": true,
        "reportDir": "cypress/reports/mocha",
        "reportTitle": "Senior QA Challenge: Raffy Rodriguez's Test's results",
        "reportFilename": "report",
        "quiet": true,
        "overwrite": false,
        "html": false,
        "json": true,
        "timestamp": "mm/dd/yyyy HH:MM"
      },
      "version": "6.0.1"
    }
  }
}