{
  "stats": {
    "suites": 1,
    "tests": 6,
    "passes": 6,
    "pending": 0,
    "failures": 0,
    "start": "2021-12-11T04:42:12.723Z",
    "end": "2021-12-11T04:47:23.852Z",
    "duration": 311129,
    "testsRegistered": 6,
    "passPercent": 100,
    "pendingPercent": 0,
    "other": 0,
    "hasOther": false,
    "skipped": 0,
    "hasSkipped": false
  },
  "results": [
    {
      "uuid": "e8c90b24-1895-4a7d-bc0b-49306dee84ab",
      "title": "",
      "fullFile": "cypress/integration/QAChallenge/TS_003 MainPage.spec.js",
      "file": "cypress/integration/QAChallenge/TS_003 MainPage.spec.js",
      "beforeHooks": [],
      "afterHooks": [],
      "tests": [],
      "suites": [
        {
          "uuid": "da469137-c34c-4bb8-bb53-94313ebf3a31",
          "title": "Main Page test cases",
          "fullFile": "",
          "file": "",
          "beforeHooks": [],
          "afterHooks": [],
          "tests": [
            {
              "title": "Best Seller section",
              "fullTitle": "Main Page test cases Best Seller section",
              "timedOut": null,
              "duration": 45643,
              "state": "passed",
              "speed": "slow",
              "pass": true,
              "fail": false,
              "pending": false,
              "context": null,
              "code": "MAIN_PAGE.bestSellers().click();\nMAIN_PAGE.activeBestSeller().should('be.visible');",
              "err": {},
              "uuid": "a1b48f2a-084e-4685-b997-9a002d941d7b",
              "parentUUID": "da469137-c34c-4bb8-bb53-94313ebf3a31",
              "isHook": false,
              "skipped": false
            },
            {
              "title": "Search for an using the search bar",
              "fullTitle": "Main Page test cases Search for an using the search bar",
              "timedOut": null,
              "duration": 50532,
              "state": "passed",
              "speed": "slow",
              "pass": true,
              "fail": false,
              "pending": false,
              "context": null,
              "code": "MAIN_PAGE.searchBar().type(this.data.item);\nMAIN_PAGE.searchButton().click();\nMAIN_PAGE.itemTitle(this.data.item).should('be.visible');",
              "err": {},
              "uuid": "5128998c-d194-4c9a-9088-3f1111cdba41",
              "parentUUID": "da469137-c34c-4bb8-bb53-94313ebf3a31",
              "isHook": false,
              "skipped": false
            },
            {
              "title": "Adding to the wish list",
              "fullTitle": "Main Page test cases Adding to the wish list",
              "timedOut": null,
              "duration": 60974,
              "state": "passed",
              "speed": "slow",
              "pass": true,
              "fail": false,
              "pending": false,
              "context": null,
              "code": "MAIN_PAGE.searchBar().type(this.data.item);\nMAIN_PAGE.searchButton().click();\nMAIN_PAGE.wishItem().trigger('mouseover');\nMAIN_PAGE.wishItemMore().click();\nMAIN_PAGE.wishListButton().click();\nMAIN_PAGE.wishAddedMsg().should('have.text', 'Added to your wishlist.');\nMAIN_PAGE.wishAddedMsgClose().click(); //cy.signOut();",
              "err": {},
              "uuid": "656f72a8-c0c8-4eab-a1dc-2b2bdc26d155",
              "parentUUID": "da469137-c34c-4bb8-bb53-94313ebf3a31",
              "isHook": false,
              "skipped": false
            },
            {
              "title": "Subscribe to NewsLetter",
              "fullTitle": "Main Page test cases Subscribe to NewsLetter",
              "timedOut": null,
              "duration": 45244,
              "state": "passed",
              "speed": "slow",
              "pass": true,
              "fail": false,
              "pending": false,
              "context": null,
              "code": "MAIN_PAGE.newsBar().type(USER.email);\nMAIN_PAGE.newsButton().click();\nMAIN_PAGE.newsAlert().should('have.text', ' Newsletter : You have successfully subscribed to this newsletter.');",
              "err": {},
              "uuid": "2cbd3c1c-8edc-4aa8-b1a0-afcf1a73c0ee",
              "parentUUID": "da469137-c34c-4bb8-bb53-94313ebf3a31",
              "isHook": false,
              "skipped": false
            },
            {
              "title": "Add to shopping Cart",
              "fullTitle": "Main Page test cases Add to shopping Cart",
              "timedOut": null,
              "duration": 56238,
              "state": "passed",
              "speed": "slow",
              "pass": true,
              "fail": false,
              "pending": false,
              "context": null,
              "code": "cy.addToShoppingCart(this.data.item);\nCHECK.cartSuccessLabel().should('include.text', 'Product successfully added to your shopping cart');\nCHECK.cartQuantity().should('have.text', this.data.quantity);\nCHECK.cartColor().should('include.text', this.data.color);\nCHECK.cartItemName().should('have.text', this.data.item);\nCHECK.cartTotal().should('have.text', this.data.price);",
              "err": {},
              "uuid": "5755e92f-69d8-4106-a613-f360c1d0c725",
              "parentUUID": "da469137-c34c-4bb8-bb53-94313ebf3a31",
              "isHook": false,
              "skipped": false
            },
            {
              "title": "Remove from shopping cart",
              "fullTitle": "Main Page test cases Remove from shopping cart",
              "timedOut": null,
              "duration": 42284,
              "state": "passed",
              "speed": "slow",
              "pass": true,
              "fail": false,
              "pending": false,
              "context": null,
              "code": "cy.addToShoppingCart(this.data.item);\nCHECK.cartSuccessLabel().should('include.text', 'Product successfully added to your shopping cart');\nCHECK.goToCheckOut().click();\nCHECK.deleteFromCheckOut().click();\nCHECK.checkOutAlert().should('have.text', 'Your shopping cart is empty.');",
              "err": {},
              "uuid": "cadebb7a-c246-4ceb-bf81-e9615221c434",
              "parentUUID": "da469137-c34c-4bb8-bb53-94313ebf3a31",
              "isHook": false,
              "skipped": false
            }
          ],
          "suites": [],
          "passes": [
            "a1b48f2a-084e-4685-b997-9a002d941d7b",
            "5128998c-d194-4c9a-9088-3f1111cdba41",
            "656f72a8-c0c8-4eab-a1dc-2b2bdc26d155",
            "2cbd3c1c-8edc-4aa8-b1a0-afcf1a73c0ee",
            "5755e92f-69d8-4106-a613-f360c1d0c725",
            "cadebb7a-c246-4ceb-bf81-e9615221c434"
          ],
          "failures": [],
          "pending": [],
          "skipped": [],
          "duration": 300915,
          "root": false,
          "rootEmpty": false,
          "_timeout": 2000
        }
      ],
      "passes": [],
      "failures": [],
      "pending": [],
      "skipped": [],
      "duration": 0,
      "root": true,
      "rootEmpty": true,
      "_timeout": 2000
    }
  ],
  "meta": {
    "mocha": {
      "version": "7.0.1"
    },
    "mochawesome": {
      "options": {
        "quiet": true,
        "reportFilename": "report",
        "saveHtml": false,
        "saveJson": true,
        "consoleReporter": "spec",
        "useInlineDiffs": false,
        "code": true
      },
      "version": "7.0.1"
    },
    "marge": {
      "options": {
        "id": "default",
        "charts": true,
        "reportDir": "cypress/reports/mocha",
        "reportTitle": "Senior QA Challenge: Raffy Rodriguez's Test's results",
        "reportFilename": "report",
        "quiet": true,
        "overwrite": false,
        "html": false,
        "json": true,
        "timestamp": "mm/dd/yyyy HH:MM"
      },
      "version": "6.0.1"
    }
  }
}