{
  "stats": {
    "suites": 1,
    "tests": 3,
    "passes": 3,
    "pending": 0,
    "failures": 0,
    "start": "2021-12-11T04:49:13.136Z",
    "end": "2021-12-11T04:49:15.420Z",
    "duration": 2284,
    "testsRegistered": 3,
    "passPercent": 100,
    "pendingPercent": 0,
    "other": 0,
    "hasOther": false,
    "skipped": 0,
    "hasSkipped": false
  },
  "results": [
    {
      "uuid": "d33fe834-f96c-41ee-85b3-314f89834d69",
      "title": "",
      "fullFile": "cypress/integration/QAChallenge/TS_005 marvel-api-test.spec.js",
      "file": "cypress/integration/QAChallenge/TS_005 marvel-api-test.spec.js",
      "beforeHooks": [],
      "afterHooks": [],
      "tests": [],
      "suites": [
        {
          "uuid": "2fa10564-e194-478f-83ac-2ff884a060b0",
          "title": "All Marvel Characters test",
          "fullFile": "",
          "file": "",
          "beforeHooks": [],
          "afterHooks": [],
          "tests": [
            {
              "title": "Get all Marvel characters",
              "fullTitle": "All Marvel Characters test Get all Marvel characters",
              "timedOut": null,
              "duration": 1969,
              "state": "passed",
              "speed": "fast",
              "pass": true,
              "fail": false,
              "pending": false,
              "context": null,
              "code": "cy.request(`${API.url}/v1/public/characters?ts=${API.timestamp}&apikey=${API.publicKey}&hash=${API.hash}&limit=${API.limit}`).then(response => {\n  expect(response.body).to.have.property('code', 200);\n  expect(response.body).not.to.be.null;\n  expect(response.body.data).to.have.property('limit', 100);\n});",
              "err": {},
              "uuid": "2d375e51-8c66-4197-b4d1-58e35abb75cf",
              "parentUUID": "2fa10564-e194-478f-83ac-2ff884a060b0",
              "isHook": false,
              "skipped": false
            },
            {
              "title": "Get More than 100 Marvel characters",
              "fullTitle": "All Marvel Characters test Get More than 100 Marvel characters",
              "timedOut": null,
              "duration": 168,
              "state": "passed",
              "speed": "fast",
              "pass": true,
              "fail": false,
              "pending": false,
              "context": null,
              "code": "cy.request({\n  method: 'GET',\n  url: `${API.url}/v1/public/characters?ts=${API.timestamp}&apikey=${API.publicKey}&hash=${API.hash}&limit=${API.limit + 1}`,\n  failOnStatusCode: false\n}).then(response => {\n  expect(response.body).to.have.property('code', 409);\n  expect(response.body).to.have.property('status', 'You may not request more than 100 items.');\n});",
              "err": {},
              "uuid": "d1a9dbbf-1cca-4a4f-a131-5e60932165af",
              "parentUUID": "2fa10564-e194-478f-83ac-2ff884a060b0",
              "isHook": false,
              "skipped": false
            },
            {
              "title": "Missing timestamp, unable to authenticate",
              "fullTitle": "All Marvel Characters test Missing timestamp, unable to authenticate",
              "timedOut": null,
              "duration": 108,
              "state": "passed",
              "speed": "fast",
              "pass": true,
              "fail": false,
              "pending": false,
              "context": null,
              "code": "cy.request({\n  method: 'GET',\n  url: `${API.url}/v1/public/characters?&apikey=${API.publicKey}&hash=${API.hash}&limit=${API.limit}`,\n  failOnStatusCode: false\n}).then(response => {\n  expect(response.body).to.have.property('code', 'MissingParameter');\n  expect(response.body).to.have.property('message', 'You must provide a timestamp.');\n});",
              "err": {},
              "uuid": "d4916363-1545-4bde-b26d-2a8faeb8e37f",
              "parentUUID": "2fa10564-e194-478f-83ac-2ff884a060b0",
              "isHook": false,
              "skipped": false
            }
          ],
          "suites": [],
          "passes": [
            "2d375e51-8c66-4197-b4d1-58e35abb75cf",
            "d1a9dbbf-1cca-4a4f-a131-5e60932165af",
            "d4916363-1545-4bde-b26d-2a8faeb8e37f"
          ],
          "failures": [],
          "pending": [],
          "skipped": [],
          "duration": 2245,
          "root": false,
          "rootEmpty": false,
          "_timeout": 2000
        }
      ],
      "passes": [],
      "failures": [],
      "pending": [],
      "skipped": [],
      "duration": 0,
      "root": true,
      "rootEmpty": true,
      "_timeout": 2000
    }
  ],
  "meta": {
    "mocha": {
      "version": "7.0.1"
    },
    "mochawesome": {
      "options": {
        "quiet": true,
        "reportFilename": "report",
        "saveHtml": false,
        "saveJson": true,
        "consoleReporter": "spec",
        "useInlineDiffs": false,
        "code": true
      },
      "version": "7.0.1"
    },
    "marge": {
      "options": {
        "id": "default",
        "charts": true,
        "reportDir": "cypress/reports/mocha",
        "reportTitle": "Senior QA Challenge: Raffy Rodriguez's Test's results",
        "reportFilename": "report",
        "quiet": true,
        "overwrite": false,
        "html": false,
        "json": true,
        "timestamp": "mm/dd/yyyy HH:MM"
      },
      "version": "6.0.1"
    }
  }
}