{
  "stats": {
    "suites": 1,
    "tests": 1,
    "passes": 1,
    "pending": 0,
    "failures": 0,
    "start": "2021-12-11T04:41:27.213Z",
    "end": "2021-12-11T04:42:08.359Z",
    "duration": 41146,
    "testsRegistered": 1,
    "passPercent": 100,
    "pendingPercent": 0,
    "other": 0,
    "hasOther": false,
    "skipped": 0,
    "hasSkipped": false
  },
  "results": [
    {
      "uuid": "5be496ea-8404-448d-b110-6f282cfc55f9",
      "title": "",
      "fullFile": "cypress/integration/QAChallenge/TS_002 signUp.spec.js",
      "file": "cypress/integration/QAChallenge/TS_002 signUp.spec.js",
      "beforeHooks": [],
      "afterHooks": [],
      "tests": [],
      "suites": [
        {
          "uuid": "7915caa8-0793-4fc5-acd1-cef73e78b6ed",
          "title": "SignUp",
          "fullFile": "",
          "file": "",
          "beforeHooks": [],
          "afterHooks": [],
          "tests": [
            {
              "title": "SignUp",
              "fullTitle": "SignUp SignUp",
              "timedOut": null,
              "duration": 41100,
              "state": "passed",
              "speed": "slow",
              "pass": true,
              "fail": false,
              "pending": false,
              "context": null,
              "code": "SIGNUP.logingButton().click();\nSIGNUP.createEmail().type(USER.email);\nSIGNUP.submitEmailButton().click();\ncy.url().should('eq', 'http://automationpractice.com/index.php?controller=authentication&back=my-account#account-creation'); //filling out the user information\nSIGNUP.firstName().type(USER.name);\nSIGNUP.lastName().type(USER.lastName);\nSIGNUP.userPassword().type(USER.password);\nSIGNUP.dayOfBirth().select(USER.dayOfBirth);\nSIGNUP.monthOfBirth().select(USER.monthOfBirth);\nSIGNUP.yearOfBirth().select(USER.yearOfBirth);\nSIGNUP.signForNewsLetter().check();\nSIGNUP.receiveSpecialOffers().check();\nSIGNUP.companyName().type(USER.company);\nSIGNUP.addressFirstLine().type(USER.address);\nSIGNUP.addressSecondLine().type(USER.secondaryAddress);\nSIGNUP.addressCity().type(USER.city);\nSIGNUP.addressZipcode().type(USER.zipCode);\nSIGNUP.addressCountry().select(USER.country);\nSIGNUP.addressMoreInfo().type(USER.moreInfo);\nSIGNUP.addressHomePhone().type(USER.homePhone);\nSIGNUP.addressMobilePhone().type(USER.mobilePhone);\nSIGNUP.addressAlias().type(USER.addressAlias); //the state field needs to be filled out last due to some issues with the website\nSIGNUP.addressState().select(USER.state);\nSIGNUP.addressRegisterButton().click();\ncy.url().should('eq', 'http://automationpractice.com/index.php?controller=my-account');\nSIGNUP.infoAccount().should('have.text', 'Welcome to your account. Here you can manage all of your personal information and orders.');",
              "err": {},
              "uuid": "a661b156-a740-4481-9bae-3be74d7813bc",
              "parentUUID": "7915caa8-0793-4fc5-acd1-cef73e78b6ed",
              "isHook": false,
              "skipped": false
            }
          ],
          "suites": [],
          "passes": [
            "a661b156-a740-4481-9bae-3be74d7813bc"
          ],
          "failures": [],
          "pending": [],
          "skipped": [],
          "duration": 41100,
          "root": false,
          "rootEmpty": false,
          "_timeout": 2000
        }
      ],
      "passes": [],
      "failures": [],
      "pending": [],
      "skipped": [],
      "duration": 0,
      "root": true,
      "rootEmpty": true,
      "_timeout": 2000
    }
  ],
  "meta": {
    "mocha": {
      "version": "7.0.1"
    },
    "mochawesome": {
      "options": {
        "quiet": true,
        "reportFilename": "report",
        "saveHtml": false,
        "saveJson": true,
        "consoleReporter": "spec",
        "useInlineDiffs": false,
        "code": true
      },
      "version": "7.0.1"
    },
    "marge": {
      "options": {
        "id": "default",
        "charts": true,
        "reportDir": "cypress/reports/mocha",
        "reportTitle": "Senior QA Challenge: Raffy Rodriguez's Test's results",
        "reportFilename": "report",
        "quiet": true,
        "overwrite": false,
        "html": false,
        "json": true,
        "timestamp": "mm/dd/yyyy HH:MM"
      },
      "version": "6.0.1"
    }
  }
}