{
  "stats": {
    "suites": 1,
    "tests": 2,
    "passes": 2,
    "pending": 0,
    "failures": 0,
    "start": "2021-12-12T07:35:55.625Z",
    "end": "2021-12-12T07:36:06.030Z",
    "duration": 10405,
    "testsRegistered": 2,
    "passPercent": 100,
    "pendingPercent": 0,
    "other": 0,
    "hasOther": false,
    "skipped": 0,
    "hasSkipped": false
  },
  "results": [
    {
      "uuid": "992eee7e-a5f5-4bd8-9c2d-8c6c0217bb7a",
      "title": "",
      "fullFile": "cypress/integration/QAChallenge/TS_001 Login and Logout.spec.js",
      "file": "cypress/integration/QAChallenge/TS_001 Login and Logout.spec.js",
      "beforeHooks": [],
      "afterHooks": [],
      "tests": [],
      "suites": [
        {
          "uuid": "02ae5e36-c6f0-4b52-b75e-5d71654a187b",
          "title": "Login and Logout",
          "fullFile": "",
          "file": "",
          "beforeHooks": [],
          "afterHooks": [],
          "tests": [
            {
              "title": "login case",
              "fullTitle": "Login and Logout login case",
              "timedOut": null,
              "duration": 8216,
              "state": "passed",
              "speed": "medium",
              "pass": true,
              "fail": false,
              "pending": false,
              "context": null,
              "code": "cy.login();\ncy.url().should('eq', 'http://automationpractice.com/index.php?controller=my-account');",
              "err": {},
              "uuid": "79762e1a-83a6-4988-99e0-f9bc4ec3f6d2",
              "parentUUID": "02ae5e36-c6f0-4b52-b75e-5d71654a187b",
              "isHook": false,
              "skipped": false
            },
            {
              "title": "logOut",
              "fullTitle": "Login and Logout logOut",
              "timedOut": null,
              "duration": 2151,
              "state": "passed",
              "speed": "fast",
              "pass": true,
              "fail": false,
              "pending": false,
              "context": null,
              "code": "cy.signOut();\nSIGN.authObject().should('be.visible');",
              "err": {},
              "uuid": "5cab0bf3-3fa4-40a3-92f3-a7c5717bc70c",
              "parentUUID": "02ae5e36-c6f0-4b52-b75e-5d71654a187b",
              "isHook": false,
              "skipped": false
            }
          ],
          "suites": [],
          "passes": [
            "79762e1a-83a6-4988-99e0-f9bc4ec3f6d2",
            "5cab0bf3-3fa4-40a3-92f3-a7c5717bc70c"
          ],
          "failures": [],
          "pending": [],
          "skipped": [],
          "duration": 10367,
          "root": false,
          "rootEmpty": false,
          "_timeout": 2000
        }
      ],
      "passes": [],
      "failures": [],
      "pending": [],
      "skipped": [],
      "duration": 0,
      "root": true,
      "rootEmpty": true,
      "_timeout": 2000
    }
  ],
  "meta": {
    "mocha": {
      "version": "7.0.1"
    },
    "mochawesome": {
      "options": {
        "quiet": true,
        "reportFilename": "report",
        "saveHtml": false,
        "saveJson": true,
        "consoleReporter": "spec",
        "useInlineDiffs": false,
        "code": true
      },
      "version": "7.0.1"
    },
    "marge": {
      "options": {
        "id": "default",
        "charts": true,
        "reportDir": "cypress/reports/mocha",
        "reportTitle": "Senior QA Challenge: Raffy Rodriguez's Test's results",
        "reportFilename": "report",
        "quiet": true,
        "overwrite": false,
        "html": false,
        "json": true,
        "timestamp": "mm/dd/yyyy HH:MM"
      },
      "version": "6.0.1"
    }
  }
}