{
  "stats": {
    "suites": 1,
    "tests": 6,
    "passes": 6,
    "pending": 0,
    "failures": 0,
    "start": "2021-12-12T07:36:33.948Z",
    "end": "2021-12-12T07:38:06.371Z",
    "duration": 92423,
    "testsRegistered": 6,
    "passPercent": 100,
    "pendingPercent": 0,
    "other": 0,
    "hasOther": false,
    "skipped": 0,
    "hasSkipped": false
  },
  "results": [
    {
      "uuid": "62b7e7f8-93ce-4abf-b73f-b9510369087f",
      "title": "",
      "fullFile": "cypress/integration/QAChallenge/TS_003 MainPage.spec.js",
      "file": "cypress/integration/QAChallenge/TS_003 MainPage.spec.js",
      "beforeHooks": [],
      "afterHooks": [],
      "tests": [],
      "suites": [
        {
          "uuid": "bb8d8c52-71f8-47c1-a145-242db55a4f25",
          "title": "Main Page test cases",
          "fullFile": "",
          "file": "",
          "beforeHooks": [],
          "afterHooks": [],
          "tests": [
            {
              "title": "Best Seller section",
              "fullTitle": "Main Page test cases Best Seller section",
              "timedOut": null,
              "duration": 17367,
              "state": "passed",
              "speed": "slow",
              "pass": true,
              "fail": false,
              "pending": false,
              "context": null,
              "code": "MAIN_PAGE.bestSellers().click();\nMAIN_PAGE.activeBestSeller().should('be.visible');",
              "err": {},
              "uuid": "e85f32eb-1569-4ee3-a919-17d3a9cdcf33",
              "parentUUID": "bb8d8c52-71f8-47c1-a145-242db55a4f25",
              "isHook": false,
              "skipped": false
            },
            {
              "title": "Search for an using the search bar",
              "fullTitle": "Main Page test cases Search for an using the search bar",
              "timedOut": null,
              "duration": 14041,
              "state": "passed",
              "speed": "slow",
              "pass": true,
              "fail": false,
              "pending": false,
              "context": null,
              "code": "MAIN_PAGE.searchBar().type(this.data.item);\nMAIN_PAGE.searchButton().click();\nMAIN_PAGE.itemTitle(this.data.item).should('be.visible');",
              "err": {},
              "uuid": "d31db930-67b5-40ce-920f-10e74c702e69",
              "parentUUID": "bb8d8c52-71f8-47c1-a145-242db55a4f25",
              "isHook": false,
              "skipped": false
            },
            {
              "title": "Adding to the wish list",
              "fullTitle": "Main Page test cases Adding to the wish list",
              "timedOut": null,
              "duration": 22218,
              "state": "passed",
              "speed": "slow",
              "pass": true,
              "fail": false,
              "pending": false,
              "context": null,
              "code": "MAIN_PAGE.searchBar().type(this.data.item);\nMAIN_PAGE.searchButton().click();\nMAIN_PAGE.wishItem().trigger('mouseover');\nMAIN_PAGE.wishItemMore().click();\nMAIN_PAGE.wishListButton().click();\nMAIN_PAGE.wishAddedMsg().should('have.text', 'Added to your wishlist.');\nMAIN_PAGE.wishAddedMsgClose().click();",
              "err": {},
              "uuid": "f657c59e-51ed-4694-9c03-57ca27bbc6da",
              "parentUUID": "bb8d8c52-71f8-47c1-a145-242db55a4f25",
              "isHook": false,
              "skipped": false
            },
            {
              "title": "Subscribe to NewsLetter",
              "fullTitle": "Main Page test cases Subscribe to NewsLetter",
              "timedOut": null,
              "duration": 16454,
              "state": "passed",
              "speed": "slow",
              "pass": true,
              "fail": false,
              "pending": false,
              "context": null,
              "code": "MAIN_PAGE.newsBar().click();\nMAIN_PAGE.newsBar().type(USER.newsEmail);\ncy.wait(5000);\nMAIN_PAGE.newsButton().click();\nMAIN_PAGE.newsAlert().should('be.visible'); //.should('have.text', ' Newsletter : You have successfully subscribed to this newsletter.');",
              "err": {},
              "uuid": "b0f5e582-52b5-4467-89a7-0fa5080784db",
              "parentUUID": "bb8d8c52-71f8-47c1-a145-242db55a4f25",
              "isHook": false,
              "skipped": false
            },
            {
              "title": "Add to shopping Cart",
              "fullTitle": "Main Page test cases Add to shopping Cart",
              "timedOut": null,
              "duration": 11525,
              "state": "passed",
              "speed": "slow",
              "pass": true,
              "fail": false,
              "pending": false,
              "context": null,
              "code": "cy.addToShoppingCart(this.data.item);\nCHECK.cartSuccessLabel().should('include.text', 'Product successfully added to your shopping cart');\nCHECK.cartQuantity().should('have.text', this.data.quantity);\nCHECK.cartColor().should('include.text', this.data.color);\nCHECK.cartItemName().should('have.text', this.data.item);\nCHECK.cartTotal().should('have.text', this.data.price);",
              "err": {},
              "uuid": "42ce5cdf-d9b0-4455-b2b3-a730c147300b",
              "parentUUID": "bb8d8c52-71f8-47c1-a145-242db55a4f25",
              "isHook": false,
              "skipped": false
            },
            {
              "title": "Remove from shopping cart",
              "fullTitle": "Main Page test cases Remove from shopping cart",
              "timedOut": null,
              "duration": 10702,
              "state": "passed",
              "speed": "slow",
              "pass": true,
              "fail": false,
              "pending": false,
              "context": null,
              "code": "cy.addToShoppingCart(this.data.item);\nCHECK.cartSuccessLabel().should('include.text', 'Product successfully added to your shopping cart');\nCHECK.goToCheckOut().click();\nCHECK.deleteFromCheckOut().click();\nCHECK.checkOutAlert().should('have.text', 'Your shopping cart is empty.');",
              "err": {},
              "uuid": "180b6110-19c5-4219-beac-e7a7d67970a5",
              "parentUUID": "bb8d8c52-71f8-47c1-a145-242db55a4f25",
              "isHook": false,
              "skipped": false
            }
          ],
          "suites": [],
          "passes": [
            "e85f32eb-1569-4ee3-a919-17d3a9cdcf33",
            "d31db930-67b5-40ce-920f-10e74c702e69",
            "f657c59e-51ed-4694-9c03-57ca27bbc6da",
            "b0f5e582-52b5-4467-89a7-0fa5080784db",
            "42ce5cdf-d9b0-4455-b2b3-a730c147300b",
            "180b6110-19c5-4219-beac-e7a7d67970a5"
          ],
          "failures": [],
          "pending": [],
          "skipped": [],
          "duration": 92307,
          "root": false,
          "rootEmpty": false,
          "_timeout": 2000
        }
      ],
      "passes": [],
      "failures": [],
      "pending": [],
      "skipped": [],
      "duration": 0,
      "root": true,
      "rootEmpty": true,
      "_timeout": 2000
    }
  ],
  "meta": {
    "mocha": {
      "version": "7.0.1"
    },
    "mochawesome": {
      "options": {
        "quiet": true,
        "reportFilename": "report",
        "saveHtml": false,
        "saveJson": true,
        "consoleReporter": "spec",
        "useInlineDiffs": false,
        "code": true
      },
      "version": "7.0.1"
    },
    "marge": {
      "options": {
        "id": "default",
        "charts": true,
        "reportDir": "cypress/reports/mocha",
        "reportTitle": "Senior QA Challenge: Raffy Rodriguez's Test's results",
        "reportFilename": "report",
        "quiet": true,
        "overwrite": false,
        "html": false,
        "json": true,
        "timestamp": "mm/dd/yyyy HH:MM"
      },
      "version": "6.0.1"
    }
  }
}