{
  "stats": {
    "suites": 1,
    "tests": 3,
    "passes": 3,
    "pending": 0,
    "failures": 0,
    "start": "2021-12-12T07:38:49.201Z",
    "end": "2021-12-12T07:38:52.471Z",
    "duration": 3270,
    "testsRegistered": 3,
    "passPercent": 100,
    "pendingPercent": 0,
    "other": 0,
    "hasOther": false,
    "skipped": 0,
    "hasSkipped": false
  },
  "results": [
    {
      "uuid": "73b7dae8-bca7-4cf9-9f89-097f5452e02c",
      "title": "",
      "fullFile": "cypress/integration/QAChallenge/TS_007 marvel-xman-test.spec.js",
      "file": "cypress/integration/QAChallenge/TS_007 marvel-xman-test.spec.js",
      "beforeHooks": [],
      "afterHooks": [],
      "tests": [],
      "suites": [
        {
          "uuid": "22617d45-a92e-429f-89bd-9221932631dd",
          "title": "Marvel X-man Comic Character Test",
          "fullFile": "",
          "file": "",
          "beforeHooks": [],
          "afterHooks": [],
          "tests": [
            {
              "title": "Get X-man Serie Characters",
              "fullTitle": "Marvel X-man Comic Character Test Get X-man Serie Characters",
              "timedOut": null,
              "duration": 1325,
              "state": "passed",
              "speed": "fast",
              "pass": true,
              "fail": false,
              "pending": false,
              "context": null,
              "code": "cy.request(`${API.url}/v1/public/comics/${this.id}/characters?ts=${API.timestamp}&apikey=${API.publicKey}&hash=${API.hash}&limit=${API.limit}`).then(response => {\n  expect(response.body).not.to.be.null;\n  expect(response).to.have.property('duration');\n  expect(response.body).to.have.property('code', 200);\n  expect(response.body.data.results).to.have.length(10);\n});",
              "err": {},
              "uuid": "e3bfd66f-dd1a-4b48-8484-2be6c178dbf4",
              "parentUUID": "22617d45-a92e-429f-89bd-9221932631dd",
              "isHook": false,
              "skipped": false
            },
            {
              "title": "Missing hash, unable to authenticate",
              "fullTitle": "Marvel X-man Comic Character Test Missing hash, unable to authenticate",
              "timedOut": null,
              "duration": 950,
              "state": "passed",
              "speed": "fast",
              "pass": true,
              "fail": false,
              "pending": false,
              "context": null,
              "code": "cy.request({\n  method: 'GET',\n  url: `${API.url}/v1/public/comics/${this.id}/characters?ts=${API.timestamp}&apikey=${API.publicKey}&limit=${API.limit}`,\n  failOnStatusCode: false\n}).then(response => {\n  expect(response.body).to.have.property('code', 'MissingParameter');\n  expect(response.body).to.have.property('message', 'You must provide a hash.');\n});",
              "err": {},
              "uuid": "b15a2660-0441-4dc7-aa7b-66a89c5d584b",
              "parentUUID": "22617d45-a92e-429f-89bd-9221932631dd",
              "isHook": false,
              "skipped": false
            },
            {
              "title": "Attempting to get more than 100 X-Man",
              "fullTitle": "Marvel X-man Comic Character Test Attempting to get more than 100 X-Man",
              "timedOut": null,
              "duration": 972,
              "state": "passed",
              "speed": "fast",
              "pass": true,
              "fail": false,
              "pending": false,
              "context": null,
              "code": "cy.request({\n  method: 'GET',\n  url: `${API.url}/v1/public/comics/${this.id}/characters?ts=${API.timestamp}&apikey=${API.publicKey}&hash=${API.hash}&limit=${API.limit + 1}`,\n  failOnStatusCode: false\n}).then(response => {\n  expect(response.body).to.have.property('code', 409);\n  expect(response.body).to.have.property('status', 'You may not request more than 100 items.');\n});",
              "err": {},
              "uuid": "a203a1d6-b04f-4f4d-aae8-41b41b757a6d",
              "parentUUID": "22617d45-a92e-429f-89bd-9221932631dd",
              "isHook": false,
              "skipped": false
            }
          ],
          "suites": [],
          "passes": [
            "e3bfd66f-dd1a-4b48-8484-2be6c178dbf4",
            "b15a2660-0441-4dc7-aa7b-66a89c5d584b",
            "a203a1d6-b04f-4f4d-aae8-41b41b757a6d"
          ],
          "failures": [],
          "pending": [],
          "skipped": [],
          "duration": 3247,
          "root": false,
          "rootEmpty": false,
          "_timeout": 2000
        }
      ],
      "passes": [],
      "failures": [],
      "pending": [],
      "skipped": [],
      "duration": 0,
      "root": true,
      "rootEmpty": true,
      "_timeout": 2000
    }
  ],
  "meta": {
    "mocha": {
      "version": "7.0.1"
    },
    "mochawesome": {
      "options": {
        "quiet": true,
        "reportFilename": "report",
        "saveHtml": false,
        "saveJson": true,
        "consoleReporter": "spec",
        "useInlineDiffs": false,
        "code": true
      },
      "version": "7.0.1"
    },
    "marge": {
      "options": {
        "id": "default",
        "charts": true,
        "reportDir": "cypress/reports/mocha",
        "reportTitle": "Senior QA Challenge: Raffy Rodriguez's Test's results",
        "reportFilename": "report",
        "quiet": true,
        "overwrite": false,
        "html": false,
        "json": true,
        "timestamp": "mm/dd/yyyy HH:MM"
      },
      "version": "6.0.1"
    }
  }
}