{
  "stats": {
    "suites": 1,
    "tests": 3,
    "passes": 3,
    "pending": 0,
    "failures": 0,
    "start": "2021-12-11T04:49:16.709Z",
    "end": "2021-12-11T04:49:21.204Z",
    "duration": 4495,
    "testsRegistered": 3,
    "passPercent": 100,
    "pendingPercent": 0,
    "other": 0,
    "hasOther": false,
    "skipped": 0,
    "hasSkipped": false
  },
  "results": [
    {
      "uuid": "a538ac0f-3c34-49b5-9d98-6619fb942d3c",
      "title": "",
      "fullFile": "cypress/integration/QAChallenge/TS_006 marvel-character-api.spec.js",
      "file": "cypress/integration/QAChallenge/TS_006 marvel-character-api.spec.js",
      "beforeHooks": [],
      "afterHooks": [],
      "tests": [],
      "suites": [
        {
          "uuid": "f901a3ca-2170-4ab5-85c7-7d3598a72e08",
          "title": "Marvel Character test cases",
          "fullFile": "",
          "file": "",
          "beforeHooks": [],
          "afterHooks": [],
          "tests": [
            {
              "title": "Fetch Spider-Man Comics",
              "fullTitle": "Marvel Character test cases Fetch Spider-Man Comics",
              "timedOut": null,
              "duration": 2429,
              "state": "passed",
              "speed": "fast",
              "pass": true,
              "fail": false,
              "pending": false,
              "context": null,
              "code": "cy.request(`${API.url}/v1/public/characters/${this.id}/comics?ts=${API.timestamp}&apikey=${API.publicKey}&hash=${API.hash}&limit=${API.limit}`).then(response => {\n  expect(response.body).not.to.be.null;\n  expect(response).to.have.property('duration');\n  expect(response.body.data).to.have.property('count');\n}).its('headers').its('content-type').should('include', 'application/json');",
              "err": {},
              "uuid": "684180c7-536e-469a-bd72-963be7bc8769",
              "parentUUID": "f901a3ca-2170-4ab5-85c7-7d3598a72e08",
              "isHook": false,
              "skipped": false
            },
            {
              "title": "Attempting to fetch more than 100 Spider-Man Comics",
              "fullTitle": "Marvel Character test cases Attempting to fetch more than 100 Spider-Man Comics",
              "timedOut": null,
              "duration": 1045,
              "state": "passed",
              "speed": "fast",
              "pass": true,
              "fail": false,
              "pending": false,
              "context": null,
              "code": "cy.request({\n  method: 'GET',\n  url: `${API.url}/v1/public/characters/${this.id}/comics?ts=${API.timestamp}&apikey=${API.publicKey}&hash=${API.hash}&limit=${API.limit + 1}`,\n  failOnStatusCode: false\n}).then(response => {\n  expect(response.body).to.have.property('code', 409);\n  expect(response.body).to.have.property('status', 'You may not request more than 100 items.');\n});",
              "err": {},
              "uuid": "b25b553f-cf72-4b6c-b7fd-bd20ce258ffa",
              "parentUUID": "f901a3ca-2170-4ab5-85c7-7d3598a72e08",
              "isHook": false,
              "skipped": false
            },
            {
              "title": "Missing hash, unable to authenticate",
              "fullTitle": "Marvel Character test cases Missing hash, unable to authenticate",
              "timedOut": null,
              "duration": 991,
              "state": "passed",
              "speed": "fast",
              "pass": true,
              "fail": false,
              "pending": false,
              "context": null,
              "code": "cy.request({\n  method: 'GET',\n  url: `${API.url}/v1/public/characters/${this.id}/comics?ts=${API.timestamp}&apikey=${API.publicKey}&limit=${API.limit + 1}`,\n  failOnStatusCode: false\n}).then(response => {\n  expect(response.body).to.have.property('code', 'MissingParameter');\n  expect(response.body).to.have.property('message', 'You must provide a hash.');\n});",
              "err": {},
              "uuid": "beb63f2a-2c35-401a-aa7e-b6e515b6445c",
              "parentUUID": "f901a3ca-2170-4ab5-85c7-7d3598a72e08",
              "isHook": false,
              "skipped": false
            }
          ],
          "suites": [],
          "passes": [
            "684180c7-536e-469a-bd72-963be7bc8769",
            "b25b553f-cf72-4b6c-b7fd-bd20ce258ffa",
            "beb63f2a-2c35-401a-aa7e-b6e515b6445c"
          ],
          "failures": [],
          "pending": [],
          "skipped": [],
          "duration": 4465,
          "root": false,
          "rootEmpty": false,
          "_timeout": 2000
        }
      ],
      "passes": [],
      "failures": [],
      "pending": [],
      "skipped": [],
      "duration": 0,
      "root": true,
      "rootEmpty": true,
      "_timeout": 2000
    }
  ],
  "meta": {
    "mocha": {
      "version": "7.0.1"
    },
    "mochawesome": {
      "options": {
        "quiet": true,
        "reportFilename": "report",
        "saveHtml": false,
        "saveJson": true,
        "consoleReporter": "spec",
        "useInlineDiffs": false,
        "code": true
      },
      "version": "7.0.1"
    },
    "marge": {
      "options": {
        "id": "default",
        "charts": true,
        "reportDir": "cypress/reports/mocha",
        "reportTitle": "Senior QA Challenge: Raffy Rodriguez's Test's results",
        "reportFilename": "report",
        "quiet": true,
        "overwrite": false,
        "html": false,
        "json": true,
        "timestamp": "mm/dd/yyyy HH:MM"
      },
      "version": "6.0.1"
    }
  }
}