{
  "stats": {
    "suites": 1,
    "tests": 3,
    "passes": 3,
    "pending": 0,
    "failures": 0,
    "start": "2021-12-11T04:49:22.172Z",
    "end": "2021-12-11T04:49:32.257Z",
    "duration": 10085,
    "testsRegistered": 3,
    "passPercent": 100,
    "pendingPercent": 0,
    "other": 0,
    "hasOther": false,
    "skipped": 0,
    "hasSkipped": false
  },
  "results": [
    {
      "uuid": "86096cb2-00d5-4459-b2bd-1ac38023188a",
      "title": "",
      "fullFile": "cypress/integration/QAChallenge/TS_007 marvel-xman-test.spec.js",
      "file": "cypress/integration/QAChallenge/TS_007 marvel-xman-test.spec.js",
      "beforeHooks": [],
      "afterHooks": [],
      "tests": [],
      "suites": [
        {
          "uuid": "a565638c-65d4-4b47-9740-181378ebb8e9",
          "title": "Marvel X-man Comic Character Test",
          "fullFile": "",
          "file": "",
          "beforeHooks": [],
          "afterHooks": [],
          "tests": [
            {
              "title": "Get X-man Serie Characters",
              "fullTitle": "Marvel X-man Comic Character Test Get X-man Serie Characters",
              "timedOut": null,
              "duration": 8372,
              "state": "passed",
              "speed": "medium",
              "pass": true,
              "fail": false,
              "pending": false,
              "context": null,
              "code": "cy.request(`${API.url}/v1/public/comics/${this.id}/characters?ts=${API.timestamp}&apikey=${API.publicKey}&hash=${API.hash}&limit=${API.limit}`).then(response => {\n  expect(response.body).not.to.be.null;\n  expect(response).to.have.property('duration');\n  expect(response.body).to.have.property('code', 200);\n  expect(response.body.data.results).to.have.length(10);\n});",
              "err": {},
              "uuid": "7be8bbab-cbf5-46e0-a6cb-3422388ed276",
              "parentUUID": "a565638c-65d4-4b47-9740-181378ebb8e9",
              "isHook": false,
              "skipped": false
            },
            {
              "title": "Missing hash, unable to authenticate",
              "fullTitle": "Marvel X-man Comic Character Test Missing hash, unable to authenticate",
              "timedOut": null,
              "duration": 810,
              "state": "passed",
              "speed": "fast",
              "pass": true,
              "fail": false,
              "pending": false,
              "context": null,
              "code": "cy.request({\n  method: 'GET',\n  url: `${API.url}/v1/public/comics/${this.id}/characters?ts=${API.timestamp}&apikey=${API.publicKey}&limit=${API.limit}`,\n  failOnStatusCode: false\n}).then(response => {\n  expect(response.body).to.have.property('code', 'MissingParameter');\n  expect(response.body).to.have.property('message', 'You must provide a hash.');\n});",
              "err": {},
              "uuid": "cf41d5c6-e104-422b-9703-94fa73746a99",
              "parentUUID": "a565638c-65d4-4b47-9740-181378ebb8e9",
              "isHook": false,
              "skipped": false
            },
            {
              "title": "Attempting to get more than 100 X-Man",
              "fullTitle": "Marvel X-man Comic Character Test Attempting to get more than 100 X-Man",
              "timedOut": null,
              "duration": 876,
              "state": "passed",
              "speed": "fast",
              "pass": true,
              "fail": false,
              "pending": false,
              "context": null,
              "code": "cy.request({\n  method: 'GET',\n  url: `${API.url}/v1/public/comics/${this.id}/characters?ts=${API.timestamp}&apikey=${API.publicKey}&hash=${API.hash}&limit=${API.limit + 1}`,\n  failOnStatusCode: false\n}).then(response => {\n  expect(response.body).to.have.property('code', 409);\n  expect(response.body).to.have.property('status', 'You may not request more than 100 items.');\n});",
              "err": {},
              "uuid": "7d58261b-ce96-4bd1-b693-bb22dd7bce81",
              "parentUUID": "a565638c-65d4-4b47-9740-181378ebb8e9",
              "isHook": false,
              "skipped": false
            }
          ],
          "suites": [],
          "passes": [
            "7be8bbab-cbf5-46e0-a6cb-3422388ed276",
            "cf41d5c6-e104-422b-9703-94fa73746a99",
            "7d58261b-ce96-4bd1-b693-bb22dd7bce81"
          ],
          "failures": [],
          "pending": [],
          "skipped": [],
          "duration": 10058,
          "root": false,
          "rootEmpty": false,
          "_timeout": 2000
        }
      ],
      "passes": [],
      "failures": [],
      "pending": [],
      "skipped": [],
      "duration": 0,
      "root": true,
      "rootEmpty": true,
      "_timeout": 2000
    }
  ],
  "meta": {
    "mocha": {
      "version": "7.0.1"
    },
    "mochawesome": {
      "options": {
        "quiet": true,
        "reportFilename": "report",
        "saveHtml": false,
        "saveJson": true,
        "consoleReporter": "spec",
        "useInlineDiffs": false,
        "code": true
      },
      "version": "7.0.1"
    },
    "marge": {
      "options": {
        "id": "default",
        "charts": true,
        "reportDir": "cypress/reports/mocha",
        "reportTitle": "Senior QA Challenge: Raffy Rodriguez's Test's results",
        "reportFilename": "report",
        "quiet": true,
        "overwrite": false,
        "html": false,
        "json": true,
        "timestamp": "mm/dd/yyyy HH:MM"
      },
      "version": "6.0.1"
    }
  }
}