{
  "stats": {
    "suites": 7,
    "tests": 19,
    "passes": 19,
    "pending": 0,
    "failures": 0,
    "start": "2021-12-11T04:40:28.336Z",
    "end": "2021-12-11T04:49:32.257Z",
    "duration": 520155,
    "testsRegistered": 19,
    "passPercent": 100,
    "pendingPercent": 0,
    "other": 0,
    "hasOther": false,
    "skipped": 0,
    "hasSkipped": false
  },
  "results": [
    {
      "uuid": "477d4d24-27ee-4d3c-a1f2-7bb962d5fdc2",
      "title": "",
      "fullFile": "cypress/integration/QAChallenge/TS_001 Login and Logout.spec.js",
      "file": "cypress/integration/QAChallenge/TS_001 Login and Logout.spec.js",
      "beforeHooks": [],
      "afterHooks": [],
      "tests": [],
      "suites": [
        {
          "uuid": "cc940860-8552-4dd0-a130-b881fea44cc7",
          "title": "Login and Logout",
          "fullFile": "",
          "file": "",
          "beforeHooks": [],
          "afterHooks": [],
          "tests": [
            {
              "title": "login case",
              "fullTitle": "Login and Logout login case",
              "timedOut": null,
              "duration": 39969,
              "state": "passed",
              "speed": "slow",
              "pass": true,
              "fail": false,
              "pending": false,
              "context": null,
              "code": "cy.login();\ncy.url().should('eq', 'http://automationpractice.com/index.php?controller=my-account');",
              "err": {},
              "uuid": "778e46ce-8046-4e1d-9cc7-9b1d47d26e98",
              "parentUUID": "cc940860-8552-4dd0-a130-b881fea44cc7",
              "isHook": false,
              "skipped": false
            },
            {
              "title": "logOut",
              "fullTitle": "Login and Logout logOut",
              "timedOut": null,
              "duration": 14494,
              "state": "passed",
              "speed": "slow",
              "pass": true,
              "fail": false,
              "pending": false,
              "context": null,
              "code": "cy.signOut();\nSIGN.authObject().should('be.visible');",
              "err": {},
              "uuid": "2a6bf024-57fa-481f-8471-e29fd2a2d310",
              "parentUUID": "cc940860-8552-4dd0-a130-b881fea44cc7",
              "isHook": false,
              "skipped": false
            }
          ],
          "suites": [],
          "passes": [
            "778e46ce-8046-4e1d-9cc7-9b1d47d26e98",
            "2a6bf024-57fa-481f-8471-e29fd2a2d310"
          ],
          "failures": [],
          "pending": [],
          "skipped": [],
          "duration": 54463,
          "root": false,
          "rootEmpty": false,
          "_timeout": 2000
        }
      ],
      "passes": [],
      "failures": [],
      "pending": [],
      "skipped": [],
      "duration": 0,
      "root": true,
      "rootEmpty": true,
      "_timeout": 2000
    },
    {
      "uuid": "5be496ea-8404-448d-b110-6f282cfc55f9",
      "title": "",
      "fullFile": "cypress/integration/QAChallenge/TS_002 signUp.spec.js",
      "file": "cypress/integration/QAChallenge/TS_002 signUp.spec.js",
      "beforeHooks": [],
      "afterHooks": [],
      "tests": [],
      "suites": [
        {
          "uuid": "7915caa8-0793-4fc5-acd1-cef73e78b6ed",
          "title": "SignUp",
          "fullFile": "",
          "file": "",
          "beforeHooks": [],
          "afterHooks": [],
          "tests": [
            {
              "title": "SignUp",
              "fullTitle": "SignUp SignUp",
              "timedOut": null,
              "duration": 41100,
              "state": "passed",
              "speed": "slow",
              "pass": true,
              "fail": false,
              "pending": false,
              "context": null,
              "code": "SIGNUP.logingButton().click();\nSIGNUP.createEmail().type(USER.email);\nSIGNUP.submitEmailButton().click();\ncy.url().should('eq', 'http://automationpractice.com/index.php?controller=authentication&back=my-account#account-creation'); //filling out the user information\nSIGNUP.firstName().type(USER.name);\nSIGNUP.lastName().type(USER.lastName);\nSIGNUP.userPassword().type(USER.password);\nSIGNUP.dayOfBirth().select(USER.dayOfBirth);\nSIGNUP.monthOfBirth().select(USER.monthOfBirth);\nSIGNUP.yearOfBirth().select(USER.yearOfBirth);\nSIGNUP.signForNewsLetter().check();\nSIGNUP.receiveSpecialOffers().check();\nSIGNUP.companyName().type(USER.company);\nSIGNUP.addressFirstLine().type(USER.address);\nSIGNUP.addressSecondLine().type(USER.secondaryAddress);\nSIGNUP.addressCity().type(USER.city);\nSIGNUP.addressZipcode().type(USER.zipCode);\nSIGNUP.addressCountry().select(USER.country);\nSIGNUP.addressMoreInfo().type(USER.moreInfo);\nSIGNUP.addressHomePhone().type(USER.homePhone);\nSIGNUP.addressMobilePhone().type(USER.mobilePhone);\nSIGNUP.addressAlias().type(USER.addressAlias); //the state field needs to be filled out last due to some issues with the website\nSIGNUP.addressState().select(USER.state);\nSIGNUP.addressRegisterButton().click();\ncy.url().should('eq', 'http://automationpractice.com/index.php?controller=my-account');\nSIGNUP.infoAccount().should('have.text', 'Welcome to your account. Here you can manage all of your personal information and orders.');",
              "err": {},
              "uuid": "a661b156-a740-4481-9bae-3be74d7813bc",
              "parentUUID": "7915caa8-0793-4fc5-acd1-cef73e78b6ed",
              "isHook": false,
              "skipped": false
            }
          ],
          "suites": [],
          "passes": [
            "a661b156-a740-4481-9bae-3be74d7813bc"
          ],
          "failures": [],
          "pending": [],
          "skipped": [],
          "duration": 41100,
          "root": false,
          "rootEmpty": false,
          "_timeout": 2000
        }
      ],
      "passes": [],
      "failures": [],
      "pending": [],
      "skipped": [],
      "duration": 0,
      "root": true,
      "rootEmpty": true,
      "_timeout": 2000
    },
    {
      "uuid": "e8c90b24-1895-4a7d-bc0b-49306dee84ab",
      "title": "",
      "fullFile": "cypress/integration/QAChallenge/TS_003 MainPage.spec.js",
      "file": "cypress/integration/QAChallenge/TS_003 MainPage.spec.js",
      "beforeHooks": [],
      "afterHooks": [],
      "tests": [],
      "suites": [
        {
          "uuid": "da469137-c34c-4bb8-bb53-94313ebf3a31",
          "title": "Main Page test cases",
          "fullFile": "",
          "file": "",
          "beforeHooks": [],
          "afterHooks": [],
          "tests": [
            {
              "title": "Best Seller section",
              "fullTitle": "Main Page test cases Best Seller section",
              "timedOut": null,
              "duration": 45643,
              "state": "passed",
              "speed": "slow",
              "pass": true,
              "fail": false,
              "pending": false,
              "context": null,
              "code": "MAIN_PAGE.bestSellers().click();\nMAIN_PAGE.activeBestSeller().should('be.visible');",
              "err": {},
              "uuid": "a1b48f2a-084e-4685-b997-9a002d941d7b",
              "parentUUID": "da469137-c34c-4bb8-bb53-94313ebf3a31",
              "isHook": false,
              "skipped": false
            },
            {
              "title": "Search for an using the search bar",
              "fullTitle": "Main Page test cases Search for an using the search bar",
              "timedOut": null,
              "duration": 50532,
              "state": "passed",
              "speed": "slow",
              "pass": true,
              "fail": false,
              "pending": false,
              "context": null,
              "code": "MAIN_PAGE.searchBar().type(this.data.item);\nMAIN_PAGE.searchButton().click();\nMAIN_PAGE.itemTitle(this.data.item).should('be.visible');",
              "err": {},
              "uuid": "5128998c-d194-4c9a-9088-3f1111cdba41",
              "parentUUID": "da469137-c34c-4bb8-bb53-94313ebf3a31",
              "isHook": false,
              "skipped": false
            },
            {
              "title": "Adding to the wish list",
              "fullTitle": "Main Page test cases Adding to the wish list",
              "timedOut": null,
              "duration": 60974,
              "state": "passed",
              "speed": "slow",
              "pass": true,
              "fail": false,
              "pending": false,
              "context": null,
              "code": "MAIN_PAGE.searchBar().type(this.data.item);\nMAIN_PAGE.searchButton().click();\nMAIN_PAGE.wishItem().trigger('mouseover');\nMAIN_PAGE.wishItemMore().click();\nMAIN_PAGE.wishListButton().click();\nMAIN_PAGE.wishAddedMsg().should('have.text', 'Added to your wishlist.');\nMAIN_PAGE.wishAddedMsgClose().click(); //cy.signOut();",
              "err": {},
              "uuid": "656f72a8-c0c8-4eab-a1dc-2b2bdc26d155",
              "parentUUID": "da469137-c34c-4bb8-bb53-94313ebf3a31",
              "isHook": false,
              "skipped": false
            },
            {
              "title": "Subscribe to NewsLetter",
              "fullTitle": "Main Page test cases Subscribe to NewsLetter",
              "timedOut": null,
              "duration": 45244,
              "state": "passed",
              "speed": "slow",
              "pass": true,
              "fail": false,
              "pending": false,
              "context": null,
              "code": "MAIN_PAGE.newsBar().type(USER.email);\nMAIN_PAGE.newsButton().click();\nMAIN_PAGE.newsAlert().should('have.text', ' Newsletter : You have successfully subscribed to this newsletter.');",
              "err": {},
              "uuid": "2cbd3c1c-8edc-4aa8-b1a0-afcf1a73c0ee",
              "parentUUID": "da469137-c34c-4bb8-bb53-94313ebf3a31",
              "isHook": false,
              "skipped": false
            },
            {
              "title": "Add to shopping Cart",
              "fullTitle": "Main Page test cases Add to shopping Cart",
              "timedOut": null,
              "duration": 56238,
              "state": "passed",
              "speed": "slow",
              "pass": true,
              "fail": false,
              "pending": false,
              "context": null,
              "code": "cy.addToShoppingCart(this.data.item);\nCHECK.cartSuccessLabel().should('include.text', 'Product successfully added to your shopping cart');\nCHECK.cartQuantity().should('have.text', this.data.quantity);\nCHECK.cartColor().should('include.text', this.data.color);\nCHECK.cartItemName().should('have.text', this.data.item);\nCHECK.cartTotal().should('have.text', this.data.price);",
              "err": {},
              "uuid": "5755e92f-69d8-4106-a613-f360c1d0c725",
              "parentUUID": "da469137-c34c-4bb8-bb53-94313ebf3a31",
              "isHook": false,
              "skipped": false
            },
            {
              "title": "Remove from shopping cart",
              "fullTitle": "Main Page test cases Remove from shopping cart",
              "timedOut": null,
              "duration": 42284,
              "state": "passed",
              "speed": "slow",
              "pass": true,
              "fail": false,
              "pending": false,
              "context": null,
              "code": "cy.addToShoppingCart(this.data.item);\nCHECK.cartSuccessLabel().should('include.text', 'Product successfully added to your shopping cart');\nCHECK.goToCheckOut().click();\nCHECK.deleteFromCheckOut().click();\nCHECK.checkOutAlert().should('have.text', 'Your shopping cart is empty.');",
              "err": {},
              "uuid": "cadebb7a-c246-4ceb-bf81-e9615221c434",
              "parentUUID": "da469137-c34c-4bb8-bb53-94313ebf3a31",
              "isHook": false,
              "skipped": false
            }
          ],
          "suites": [],
          "passes": [
            "a1b48f2a-084e-4685-b997-9a002d941d7b",
            "5128998c-d194-4c9a-9088-3f1111cdba41",
            "656f72a8-c0c8-4eab-a1dc-2b2bdc26d155",
            "2cbd3c1c-8edc-4aa8-b1a0-afcf1a73c0ee",
            "5755e92f-69d8-4106-a613-f360c1d0c725",
            "cadebb7a-c246-4ceb-bf81-e9615221c434"
          ],
          "failures": [],
          "pending": [],
          "skipped": [],
          "duration": 300915,
          "root": false,
          "rootEmpty": false,
          "_timeout": 2000
        }
      ],
      "passes": [],
      "failures": [],
      "pending": [],
      "skipped": [],
      "duration": 0,
      "root": true,
      "rootEmpty": true,
      "_timeout": 2000
    },
    {
      "uuid": "d33fe834-f96c-41ee-85b3-314f89834d69",
      "title": "",
      "fullFile": "cypress/integration/QAChallenge/TS_005 marvel-api-test.spec.js",
      "file": "cypress/integration/QAChallenge/TS_005 marvel-api-test.spec.js",
      "beforeHooks": [],
      "afterHooks": [],
      "tests": [],
      "suites": [
        {
          "uuid": "2fa10564-e194-478f-83ac-2ff884a060b0",
          "title": "All Marvel Characters test",
          "fullFile": "",
          "file": "",
          "beforeHooks": [],
          "afterHooks": [],
          "tests": [
            {
              "title": "Get all Marvel characters",
              "fullTitle": "All Marvel Characters test Get all Marvel characters",
              "timedOut": null,
              "duration": 1969,
              "state": "passed",
              "speed": "fast",
              "pass": true,
              "fail": false,
              "pending": false,
              "context": null,
              "code": "cy.request(`${API.url}/v1/public/characters?ts=${API.timestamp}&apikey=${API.publicKey}&hash=${API.hash}&limit=${API.limit}`).then(response => {\n  expect(response.body).to.have.property('code', 200);\n  expect(response.body).not.to.be.null;\n  expect(response.body.data).to.have.property('limit', 100);\n});",
              "err": {},
              "uuid": "2d375e51-8c66-4197-b4d1-58e35abb75cf",
              "parentUUID": "2fa10564-e194-478f-83ac-2ff884a060b0",
              "isHook": false,
              "skipped": false
            },
            {
              "title": "Get More than 100 Marvel characters",
              "fullTitle": "All Marvel Characters test Get More than 100 Marvel characters",
              "timedOut": null,
              "duration": 168,
              "state": "passed",
              "speed": "fast",
              "pass": true,
              "fail": false,
              "pending": false,
              "context": null,
              "code": "cy.request({\n  method: 'GET',\n  url: `${API.url}/v1/public/characters?ts=${API.timestamp}&apikey=${API.publicKey}&hash=${API.hash}&limit=${API.limit + 1}`,\n  failOnStatusCode: false\n}).then(response => {\n  expect(response.body).to.have.property('code', 409);\n  expect(response.body).to.have.property('status', 'You may not request more than 100 items.');\n});",
              "err": {},
              "uuid": "d1a9dbbf-1cca-4a4f-a131-5e60932165af",
              "parentUUID": "2fa10564-e194-478f-83ac-2ff884a060b0",
              "isHook": false,
              "skipped": false
            },
            {
              "title": "Missing timestamp, unable to authenticate",
              "fullTitle": "All Marvel Characters test Missing timestamp, unable to authenticate",
              "timedOut": null,
              "duration": 108,
              "state": "passed",
              "speed": "fast",
              "pass": true,
              "fail": false,
              "pending": false,
              "context": null,
              "code": "cy.request({\n  method: 'GET',\n  url: `${API.url}/v1/public/characters?&apikey=${API.publicKey}&hash=${API.hash}&limit=${API.limit}`,\n  failOnStatusCode: false\n}).then(response => {\n  expect(response.body).to.have.property('code', 'MissingParameter');\n  expect(response.body).to.have.property('message', 'You must provide a timestamp.');\n});",
              "err": {},
              "uuid": "d4916363-1545-4bde-b26d-2a8faeb8e37f",
              "parentUUID": "2fa10564-e194-478f-83ac-2ff884a060b0",
              "isHook": false,
              "skipped": false
            }
          ],
          "suites": [],
          "passes": [
            "2d375e51-8c66-4197-b4d1-58e35abb75cf",
            "d1a9dbbf-1cca-4a4f-a131-5e60932165af",
            "d4916363-1545-4bde-b26d-2a8faeb8e37f"
          ],
          "failures": [],
          "pending": [],
          "skipped": [],
          "duration": 2245,
          "root": false,
          "rootEmpty": false,
          "_timeout": 2000
        }
      ],
      "passes": [],
      "failures": [],
      "pending": [],
      "skipped": [],
      "duration": 0,
      "root": true,
      "rootEmpty": true,
      "_timeout": 2000
    },
    {
      "uuid": "a538ac0f-3c34-49b5-9d98-6619fb942d3c",
      "title": "",
      "fullFile": "cypress/integration/QAChallenge/TS_006 marvel-character-api.spec.js",
      "file": "cypress/integration/QAChallenge/TS_006 marvel-character-api.spec.js",
      "beforeHooks": [],
      "afterHooks": [],
      "tests": [],
      "suites": [
        {
          "uuid": "f901a3ca-2170-4ab5-85c7-7d3598a72e08",
          "title": "Marvel Character test cases",
          "fullFile": "",
          "file": "",
          "beforeHooks": [],
          "afterHooks": [],
          "tests": [
            {
              "title": "Fetch Spider-Man Comics",
              "fullTitle": "Marvel Character test cases Fetch Spider-Man Comics",
              "timedOut": null,
              "duration": 2429,
              "state": "passed",
              "speed": "fast",
              "pass": true,
              "fail": false,
              "pending": false,
              "context": null,
              "code": "cy.request(`${API.url}/v1/public/characters/${this.id}/comics?ts=${API.timestamp}&apikey=${API.publicKey}&hash=${API.hash}&limit=${API.limit}`).then(response => {\n  expect(response.body).not.to.be.null;\n  expect(response).to.have.property('duration');\n  expect(response.body.data).to.have.property('count');\n}).its('headers').its('content-type').should('include', 'application/json');",
              "err": {},
              "uuid": "684180c7-536e-469a-bd72-963be7bc8769",
              "parentUUID": "f901a3ca-2170-4ab5-85c7-7d3598a72e08",
              "isHook": false,
              "skipped": false
            },
            {
              "title": "Attempting to fetch more than 100 Spider-Man Comics",
              "fullTitle": "Marvel Character test cases Attempting to fetch more than 100 Spider-Man Comics",
              "timedOut": null,
              "duration": 1045,
              "state": "passed",
              "speed": "fast",
              "pass": true,
              "fail": false,
              "pending": false,
              "context": null,
              "code": "cy.request({\n  method: 'GET',\n  url: `${API.url}/v1/public/characters/${this.id}/comics?ts=${API.timestamp}&apikey=${API.publicKey}&hash=${API.hash}&limit=${API.limit + 1}`,\n  failOnStatusCode: false\n}).then(response => {\n  expect(response.body).to.have.property('code', 409);\n  expect(response.body).to.have.property('status', 'You may not request more than 100 items.');\n});",
              "err": {},
              "uuid": "b25b553f-cf72-4b6c-b7fd-bd20ce258ffa",
              "parentUUID": "f901a3ca-2170-4ab5-85c7-7d3598a72e08",
              "isHook": false,
              "skipped": false
            },
            {
              "title": "Missing hash, unable to authenticate",
              "fullTitle": "Marvel Character test cases Missing hash, unable to authenticate",
              "timedOut": null,
              "duration": 991,
              "state": "passed",
              "speed": "fast",
              "pass": true,
              "fail": false,
              "pending": false,
              "context": null,
              "code": "cy.request({\n  method: 'GET',\n  url: `${API.url}/v1/public/characters/${this.id}/comics?ts=${API.timestamp}&apikey=${API.publicKey}&limit=${API.limit + 1}`,\n  failOnStatusCode: false\n}).then(response => {\n  expect(response.body).to.have.property('code', 'MissingParameter');\n  expect(response.body).to.have.property('message', 'You must provide a hash.');\n});",
              "err": {},
              "uuid": "beb63f2a-2c35-401a-aa7e-b6e515b6445c",
              "parentUUID": "f901a3ca-2170-4ab5-85c7-7d3598a72e08",
              "isHook": false,
              "skipped": false
            }
          ],
          "suites": [],
          "passes": [
            "684180c7-536e-469a-bd72-963be7bc8769",
            "b25b553f-cf72-4b6c-b7fd-bd20ce258ffa",
            "beb63f2a-2c35-401a-aa7e-b6e515b6445c"
          ],
          "failures": [],
          "pending": [],
          "skipped": [],
          "duration": 4465,
          "root": false,
          "rootEmpty": false,
          "_timeout": 2000
        }
      ],
      "passes": [],
      "failures": [],
      "pending": [],
      "skipped": [],
      "duration": 0,
      "root": true,
      "rootEmpty": true,
      "_timeout": 2000
    },
    {
      "uuid": "86096cb2-00d5-4459-b2bd-1ac38023188a",
      "title": "",
      "fullFile": "cypress/integration/QAChallenge/TS_007 marvel-xman-test.spec.js",
      "file": "cypress/integration/QAChallenge/TS_007 marvel-xman-test.spec.js",
      "beforeHooks": [],
      "afterHooks": [],
      "tests": [],
      "suites": [
        {
          "uuid": "a565638c-65d4-4b47-9740-181378ebb8e9",
          "title": "Marvel X-man Comic Character Test",
          "fullFile": "",
          "file": "",
          "beforeHooks": [],
          "afterHooks": [],
          "tests": [
            {
              "title": "Get X-man Serie Characters",
              "fullTitle": "Marvel X-man Comic Character Test Get X-man Serie Characters",
              "timedOut": null,
              "duration": 8372,
              "state": "passed",
              "speed": "medium",
              "pass": true,
              "fail": false,
              "pending": false,
              "context": null,
              "code": "cy.request(`${API.url}/v1/public/comics/${this.id}/characters?ts=${API.timestamp}&apikey=${API.publicKey}&hash=${API.hash}&limit=${API.limit}`).then(response => {\n  expect(response.body).not.to.be.null;\n  expect(response).to.have.property('duration');\n  expect(response.body).to.have.property('code', 200);\n  expect(response.body.data.results).to.have.length(10);\n});",
              "err": {},
              "uuid": "7be8bbab-cbf5-46e0-a6cb-3422388ed276",
              "parentUUID": "a565638c-65d4-4b47-9740-181378ebb8e9",
              "isHook": false,
              "skipped": false
            },
            {
              "title": "Missing hash, unable to authenticate",
              "fullTitle": "Marvel X-man Comic Character Test Missing hash, unable to authenticate",
              "timedOut": null,
              "duration": 810,
              "state": "passed",
              "speed": "fast",
              "pass": true,
              "fail": false,
              "pending": false,
              "context": null,
              "code": "cy.request({\n  method: 'GET',\n  url: `${API.url}/v1/public/comics/${this.id}/characters?ts=${API.timestamp}&apikey=${API.publicKey}&limit=${API.limit}`,\n  failOnStatusCode: false\n}).then(response => {\n  expect(response.body).to.have.property('code', 'MissingParameter');\n  expect(response.body).to.have.property('message', 'You must provide a hash.');\n});",
              "err": {},
              "uuid": "cf41d5c6-e104-422b-9703-94fa73746a99",
              "parentUUID": "a565638c-65d4-4b47-9740-181378ebb8e9",
              "isHook": false,
              "skipped": false
            },
            {
              "title": "Attempting to get more than 100 X-Man",
              "fullTitle": "Marvel X-man Comic Character Test Attempting to get more than 100 X-Man",
              "timedOut": null,
              "duration": 876,
              "state": "passed",
              "speed": "fast",
              "pass": true,
              "fail": false,
              "pending": false,
              "context": null,
              "code": "cy.request({\n  method: 'GET',\n  url: `${API.url}/v1/public/comics/${this.id}/characters?ts=${API.timestamp}&apikey=${API.publicKey}&hash=${API.hash}&limit=${API.limit + 1}`,\n  failOnStatusCode: false\n}).then(response => {\n  expect(response.body).to.have.property('code', 409);\n  expect(response.body).to.have.property('status', 'You may not request more than 100 items.');\n});",
              "err": {},
              "uuid": "7d58261b-ce96-4bd1-b693-bb22dd7bce81",
              "parentUUID": "a565638c-65d4-4b47-9740-181378ebb8e9",
              "isHook": false,
              "skipped": false
            }
          ],
          "suites": [],
          "passes": [
            "7be8bbab-cbf5-46e0-a6cb-3422388ed276",
            "cf41d5c6-e104-422b-9703-94fa73746a99",
            "7d58261b-ce96-4bd1-b693-bb22dd7bce81"
          ],
          "failures": [],
          "pending": [],
          "skipped": [],
          "duration": 10058,
          "root": false,
          "rootEmpty": false,
          "_timeout": 2000
        }
      ],
      "passes": [],
      "failures": [],
      "pending": [],
      "skipped": [],
      "duration": 0,
      "root": true,
      "rootEmpty": true,
      "_timeout": 2000
    },
    {
      "uuid": "2dfc78f1-3324-4c84-8f35-48f84055c0e4",
      "title": "",
      "fullFile": "cypress/integration/QAChallenge/TS_004 checkOut.spec.js",
      "file": "cypress/integration/QAChallenge/TS_004 checkOut.spec.js",
      "beforeHooks": [],
      "afterHooks": [],
      "tests": [],
      "suites": [
        {
          "uuid": "5c0fc731-b12a-4b77-8fb2-81117a81371a",
          "title": "Checkout Test case",
          "fullFile": "",
          "file": "",
          "beforeHooks": [],
          "afterHooks": [],
          "tests": [
            {
              "title": "Checkout Item",
              "fullTitle": "Checkout Test case Checkout Item",
              "timedOut": null,
              "duration": 106909,
              "state": "passed",
              "speed": "slow",
              "pass": true,
              "fail": false,
              "pending": false,
              "context": null,
              "code": "//Adding Item to shopping Cart\ncy.addToShoppingCart(this.data.item);\nCHECK.cartSuccessLabel().should('include.text', 'Product successfully added to your shopping cart');\nCHECK.cartQuantity().should('have.text', this.data.quantity);\nCHECK.cartColor().should('include.text', this.data.color);\nCHECK.cartItemName().should('have.text', this.data.item);\nCHECK.cartTotal().should('have.text', this.data.price);\nCHECK.goToCheckOut().click(); //checkOut Process\nCHECK.checkoutButton().click();\nCHECK.checkoutButton().click();\nCHECK.termsOfService().check().should('be.checked');\nCHECK.checkoutButton().click();\nCHECK.payWithBankWire().click();\nCHECK.paymentName().should('include.text', 'Bank-wire payment.');\nCHECK.checkoutButton().click();\nCHECK.orderConfirmation().should('have.text', 'Your order on My Store is complete.');\nCHECK.finalPrice().should('have.text', '$29.00');\ncy.signOut();",
              "err": {},
              "uuid": "f78d682d-1e49-4f55-83d1-4a035e62bede",
              "parentUUID": "5c0fc731-b12a-4b77-8fb2-81117a81371a",
              "isHook": false,
              "skipped": false
            }
          ],
          "suites": [],
          "passes": [
            "f78d682d-1e49-4f55-83d1-4a035e62bede"
          ],
          "failures": [],
          "pending": [],
          "skipped": [],
          "duration": 106909,
          "root": false,
          "rootEmpty": false,
          "_timeout": 2000
        }
      ],
      "passes": [],
      "failures": [],
      "pending": [],
      "skipped": [],
      "duration": 0,
      "root": true,
      "rootEmpty": true,
      "_timeout": 2000
    }
  ],
  "meta": {
    "mocha": {
      "version": "7.0.1"
    },
    "mochawesome": {
      "options": {
        "quiet": true,
        "reportFilename": "report",
        "saveHtml": false,
        "saveJson": true,
        "consoleReporter": "spec",
        "useInlineDiffs": false,
        "code": true
      },
      "version": "7.0.1"
    },
    "marge": {
      "options": {
        "id": "default",
        "charts": true,
        "reportDir": "cypress/reports/mocha",
        "reportTitle": "Senior QA Challenge: Raffy Rodriguez's Test's results",
        "reportFilename": "report",
        "quiet": true,
        "overwrite": false,
        "html": false,
        "json": true,
        "timestamp": "mm/dd/yyyy HH:MM"
      },
      "version": "6.0.1"
    }
  }
}